========== 2025-05-30 16:52:15 ==========
Mensaje de commit (dejar vacío para 'Auto-commit'): Haciendo commit...
[main ded5ec1] Respaldando Rofi
 218 files changed, 27905 insertions(+), 177 deletions(-)
 create mode 100644 push.log
 create mode 100755 push.sh
 create mode 100755 rofi/.config/rofi/applets/bin/appasroot.sh
 create mode 100755 rofi/.config/rofi/applets/bin/apps.sh
 create mode 100755 rofi/.config/rofi/applets/bin/battery.sh
 create mode 100755 rofi/.config/rofi/applets/bin/brightness.sh
 create mode 100755 rofi/.config/rofi/applets/bin/mpd.sh
 create mode 100755 rofi/.config/rofi/applets/bin/powermenu.sh
 create mode 100755 rofi/.config/rofi/applets/bin/quicklinks.sh
 create mode 100755 rofi/.config/rofi/applets/bin/screenshot.sh
 create mode 100755 rofi/.config/rofi/applets/bin/volume.sh
 create mode 100644 rofi/.config/rofi/applets/shared/colors.rasi
 create mode 100644 rofi/.config/rofi/applets/shared/fonts.rasi
 create mode 100755 rofi/.config/rofi/applets/shared/theme.bash
 create mode 100644 rofi/.config/rofi/applets/type-1/style-1.rasi
 create mode 100644 rofi/.config/rofi/applets/type-1/style-2.rasi
 create mode 100644 rofi/.config/rofi/applets/type-1/style-3.rasi
 create mode 100644 rofi/.config/rofi/applets/type-2/style-1.rasi
 create mode 100644 rofi/.config/rofi/applets/type-2/style-2.rasi
 create mode 100644 rofi/.config/rofi/applets/type-2/style-3.rasi
 create mode 100644 rofi/.config/rofi/applets/type-3/style-1.rasi
 create mode 100644 rofi/.config/rofi/applets/type-3/style-2.rasi
 create mode 100644 rofi/.config/rofi/applets/type-3/style-3.rasi
 create mode 100644 rofi/.config/rofi/applets/type-4/style-1.rasi
 create mode 100644 rofi/.config/rofi/applets/type-4/style-2.rasi
 create mode 100644 rofi/.config/rofi/applets/type-4/style-3.rasi
 create mode 100644 rofi/.config/rofi/applets/type-5/style-1.rasi
 create mode 100644 rofi/.config/rofi/applets/type-5/style-2.rasi
 create mode 100644 rofi/.config/rofi/applets/type-5/style-3.rasi
 create mode 100644 rofi/.config/rofi/colors/adapta.rasi
 create mode 100644 rofi/.config/rofi/colors/arc.rasi
 create mode 100644 rofi/.config/rofi/colors/black.rasi
 create mode 100644 rofi/.config/rofi/colors/catppuccin.rasi
 create mode 100644 rofi/.config/rofi/colors/cyberpunk.rasi
 create mode 100644 rofi/.config/rofi/colors/dracula.rasi
 create mode 100644 rofi/.config/rofi/colors/everforest.rasi
 create mode 100644 rofi/.config/rofi/colors/gruvbox.rasi
 create mode 100644 rofi/.config/rofi/colors/lovelace.rasi
 create mode 100644 rofi/.config/rofi/colors/navy.rasi
 create mode 100644 rofi/.config/rofi/colors/nord.rasi
 create mode 100644 rofi/.config/rofi/colors/onedark.rasi
 create mode 100644 rofi/.config/rofi/colors/paper.rasi
 create mode 100644 rofi/.config/rofi/colors/solarized.rasi
 create mode 100644 rofi/.config/rofi/colors/tokyonight.rasi
 create mode 100644 rofi/.config/rofi/colors/yousai.rasi
 create mode 100644 rofi/.config/rofi/images/a.png
 create mode 100644 rofi/.config/rofi/images/b.png
 create mode 100644 rofi/.config/rofi/images/c.png
 create mode 100644 rofi/.config/rofi/images/d.png
 create mode 100644 rofi/.config/rofi/images/e.jpg
 create mode 100644 rofi/.config/rofi/images/f.png
 create mode 100644 rofi/.config/rofi/images/flowers-1.png
 create mode 100644 rofi/.config/rofi/images/flowers-2.png
 create mode 100644 rofi/.config/rofi/images/flowers-3.png
 create mode 100644 rofi/.config/rofi/images/g.png
 create mode 100644 rofi/.config/rofi/images/gradient.png
 create mode 100644 rofi/.config/rofi/images/h.jpg
 create mode 100644 rofi/.config/rofi/images/i.jpg
 create mode 100644 rofi/.config/rofi/images/j.jpg
 create mode 100644 rofi/.config/rofi/images/paper.png
 create mode 100644 rofi/.config/rofi/images/user.jpeg
 create mode 100755 rofi/.config/rofi/launchers/type-1/launcher.sh
 create mode 100644 rofi/.config/rofi/launchers/type-1/shared/colors.rasi
 create mode 100644 rofi/.config/rofi/launchers/type-1/shared/fonts.rasi
 create mode 100644 rofi/.config/rofi/launchers/type-1/style-1.rasi
 create mode 100644 rofi/.config/rofi/launchers/type-1/style-10.rasi
 create mode 100644 rofi/.config/rofi/launchers/type-1/style-11.rasi
 create mode 100644 rofi/.config/rofi/launchers/type-1/style-12.rasi
 create mode 100644 rofi/.config/rofi/launchers/type-1/style-13.rasi
 create mode 100644 rofi/.config/rofi/launchers/type-1/style-14.rasi
 create mode 100644 rofi/.config/rofi/launchers/type-1/style-15.rasi
 create mode 100644 rofi/.config/rofi/launchers/type-1/style-2.rasi
 create mode 100644 rofi/.config/rofi/launchers/type-1/style-3.rasi
 create mode 100644 rofi/.config/rofi/launchers/type-1/style-4.rasi
 create mode 100644 rofi/.config/rofi/launchers/type-1/style-5.rasi
 create mode 100644 rofi/.config/rofi/launchers/type-1/style-6.rasi
 create mode 100644 rofi/.config/rofi/launchers/type-1/style-7.rasi
 create mode 100644 rofi/.config/rofi/launchers/type-1/style-8.rasi
 create mode 100644 rofi/.config/rofi/launchers/type-1/style-9.rasi
 create mode 100755 rofi/.config/rofi/launchers/type-2/launcher.sh
 create mode 100644 rofi/.config/rofi/launchers/type-2/shared/colors.rasi
 create mode 100644 rofi/.config/rofi/launchers/type-2/shared/fonts.rasi
 create mode 100644 rofi/.config/rofi/launchers/type-2/style-1.rasi
 create mode 100644 rofi/.config/rofi/launchers/type-2/style-10.rasi
 create mode 100644 rofi/.config/rofi/launchers/type-2/style-11.rasi
 create mode 100644 rofi/.config/rofi/launchers/type-2/style-12.rasi
 create mode 100644 rofi/.config/rofi/launchers/type-2/style-13.rasi
 create mode 100644 rofi/.config/rofi/launchers/type-2/style-14.rasi
 create mode 100644 rofi/.config/rofi/launchers/type-2/style-15.rasi
 create mode 100644 rofi/.config/rofi/launchers/type-2/style-2.rasi
 create mode 100644 rofi/.config/rofi/launchers/type-2/style-3.rasi
 create mode 100644 rofi/.config/rofi/launchers/type-2/style-4.rasi
 create mode 100644 rofi/.config/rofi/launchers/type-2/style-5.rasi
 create mode 100644 rofi/.config/rofi/launchers/type-2/style-6.rasi
 create mode 100644 rofi/.config/rofi/launchers/type-2/style-7.rasi
 create mode 100644 rofi/.config/rofi/launchers/type-2/style-8.rasi
 create mode 100644 rofi/.config/rofi/launchers/type-2/style-9.rasi
 create mode 100755 rofi/.config/rofi/launchers/type-3/launcher.sh
 create mode 100644 rofi/.config/rofi/launchers/type-3/shared/colors.rasi
 create mode 100644 rofi/.config/rofi/launchers/type-3/shared/fonts.rasi
 create mode 100644 rofi/.config/rofi/launchers/type-3/style-1.rasi
 create mode 100644 rofi/.config/rofi/launchers/type-3/style-10.rasi
 create mode 100644 rofi/.config/rofi/launchers/type-3/style-2.rasi
 create mode 100644 rofi/.config/rofi/launchers/type-3/style-3.rasi
 create mode 100644 rofi/.config/rofi/launchers/type-3/style-4.rasi
 create mode 100644 rofi/.config/rofi/launchers/type-3/style-5.rasi
 create mode 100644 rofi/.config/rofi/launchers/type-3/style-6.rasi
 create mode 100644 rofi/.config/rofi/launchers/type-3/style-7.rasi
 create mode 100644 rofi/.config/rofi/launchers/type-3/style-8.rasi
 create mode 100644 rofi/.config/rofi/launchers/type-3/style-9.rasi
 create mode 100755 rofi/.config/rofi/launchers/type-4/launcher.sh
 create mode 100644 rofi/.config/rofi/launchers/type-4/shared/colors.rasi
 create mode 100644 rofi/.config/rofi/launchers/type-4/shared/fonts.rasi
 create mode 100644 rofi/.config/rofi/launchers/type-4/style-1.rasi
 create mode 100644 rofi/.config/rofi/launchers/type-4/style-10.rasi
 create mode 100644 rofi/.config/rofi/launchers/type-4/style-2.rasi
 create mode 100644 rofi/.config/rofi/launchers/type-4/style-3.rasi
 create mode 100644 rofi/.config/rofi/launchers/type-4/style-4.rasi
 create mode 100644 rofi/.config/rofi/launchers/type-4/style-5.rasi
 create mode 100644 rofi/.config/rofi/launchers/type-4/style-6.rasi
 create mode 100644 rofi/.config/rofi/launchers/type-4/style-7.rasi
 create mode 100644 rofi/.config/rofi/launchers/type-4/style-8.rasi
 create mode 100644 rofi/.config/rofi/launchers/type-4/style-9.rasi
 create mode 100755 rofi/.config/rofi/launchers/type-5/launcher.sh
 create mode 100644 rofi/.config/rofi/launchers/type-5/style-1.rasi
 create mode 100644 rofi/.config/rofi/launchers/type-5/style-2.rasi
 create mode 100644 rofi/.config/rofi/launchers/type-5/style-3.rasi
 create mode 100644 rofi/.config/rofi/launchers/type-5/style-4.rasi
 create mode 100644 rofi/.config/rofi/launchers/type-5/style-5.rasi
 create mode 100755 rofi/.config/rofi/launchers/type-6/launcher.sh
 create mode 100644 rofi/.config/rofi/launchers/type-6/style-1.rasi
 create mode 100644 rofi/.config/rofi/launchers/type-6/style-10.rasi
 create mode 100644 rofi/.config/rofi/launchers/type-6/style-2.rasi
 create mode 100644 rofi/.config/rofi/launchers/type-6/style-3.rasi
 create mode 100644 rofi/.config/rofi/launchers/type-6/style-4.rasi
 create mode 100644 rofi/.config/rofi/launchers/type-6/style-5.rasi
 create mode 100644 rofi/.config/rofi/launchers/type-6/style-6.rasi
 create mode 100644 rofi/.config/rofi/launchers/type-6/style-7.rasi
 create mode 100644 rofi/.config/rofi/launchers/type-6/style-8.rasi
 create mode 100644 rofi/.config/rofi/launchers/type-6/style-9.rasi
 create mode 100755 rofi/.config/rofi/launchers/type-7/launcher.sh
 create mode 100644 rofi/.config/rofi/launchers/type-7/style-1.rasi
 create mode 100644 rofi/.config/rofi/launchers/type-7/style-10.rasi
 create mode 100644 rofi/.config/rofi/launchers/type-7/style-2.rasi
 create mode 100644 rofi/.config/rofi/launchers/type-7/style-3.rasi
 create mode 100644 rofi/.config/rofi/launchers/type-7/style-4.rasi
 create mode 100644 rofi/.config/rofi/launchers/type-7/style-5.rasi
 create mode 100644 rofi/.config/rofi/launchers/type-7/style-6.rasi
 create mode 100644 rofi/.config/rofi/launchers/type-7/style-7.rasi
 create mode 100644 rofi/.config/rofi/launchers/type-7/style-8.rasi
 create mode 100644 rofi/.config/rofi/launchers/type-7/style-9.rasi
 create mode 100755 rofi/.config/rofi/powermenu/type-1/powermenu.sh
 create mode 100644 rofi/.config/rofi/powermenu/type-1/shared/colors.rasi
 create mode 100644 rofi/.config/rofi/powermenu/type-1/shared/fonts.rasi
 create mode 100644 rofi/.config/rofi/powermenu/type-1/style-1.rasi
 create mode 100644 rofi/.config/rofi/powermenu/type-1/style-2.rasi
 create mode 100644 rofi/.config/rofi/powermenu/type-1/style-3.rasi
 create mode 100644 rofi/.config/rofi/powermenu/type-1/style-4.rasi
 create mode 100644 rofi/.config/rofi/powermenu/type-1/style-5.rasi
 create mode 100755 rofi/.config/rofi/powermenu/type-2/powermenu.sh
 create mode 100644 rofi/.config/rofi/powermenu/type-2/shared/colors.rasi
 create mode 100644 rofi/.config/rofi/powermenu/type-2/shared/fonts.rasi
 create mode 100644 rofi/.config/rofi/powermenu/type-2/style-1.rasi
 create mode 100644 rofi/.config/rofi/powermenu/type-2/style-10.rasi
 create mode 100644 rofi/.config/rofi/powermenu/type-2/style-2.rasi
 create mode 100644 rofi/.config/rofi/powermenu/type-2/style-3.rasi
 create mode 100644 rofi/.config/rofi/powermenu/type-2/style-4.rasi
 create mode 100644 rofi/.config/rofi/powermenu/type-2/style-5.rasi
 create mode 100644 rofi/.config/rofi/powermenu/type-2/style-6.rasi
 create mode 100644 rofi/.config/rofi/powermenu/type-2/style-7.rasi
 create mode 100644 rofi/.config/rofi/powermenu/type-2/style-8.rasi
 create mode 100644 rofi/.config/rofi/powermenu/type-2/style-9.rasi
 create mode 100755 rofi/.config/rofi/powermenu/type-3/powermenu.sh
 create mode 100644 rofi/.config/rofi/powermenu/type-3/shared/colors.rasi
 create mode 100644 rofi/.config/rofi/powermenu/type-3/shared/confirm.rasi
 create mode 100644 rofi/.config/rofi/powermenu/type-3/shared/fonts.rasi
 create mode 100644 rofi/.config/rofi/powermenu/type-3/style-1.rasi
 create mode 100644 rofi/.config/rofi/powermenu/type-3/style-2.rasi
 create mode 100644 rofi/.config/rofi/powermenu/type-3/style-3.rasi
 create mode 100644 rofi/.config/rofi/powermenu/type-3/style-4.rasi
 create mode 100644 rofi/.config/rofi/powermenu/type-3/style-5.rasi
 create mode 100755 rofi/.config/rofi/powermenu/type-4/powermenu.sh
 create mode 100644 rofi/.config/rofi/powermenu/type-4/shared/colors.rasi
 create mode 100644 rofi/.config/rofi/powermenu/type-4/shared/confirm.rasi
 create mode 100644 rofi/.config/rofi/powermenu/type-4/shared/fonts.rasi
 create mode 100644 rofi/.config/rofi/powermenu/type-4/style-1.rasi
 create mode 100644 rofi/.config/rofi/powermenu/type-4/style-2.rasi
 create mode 100644 rofi/.config/rofi/powermenu/type-4/style-3.rasi
 create mode 100644 rofi/.config/rofi/powermenu/type-4/style-4.rasi
 create mode 100644 rofi/.config/rofi/powermenu/type-4/style-5.rasi
 create mode 100755 rofi/.config/rofi/powermenu/type-5/powermenu.sh
 create mode 100644 rofi/.config/rofi/powermenu/type-5/style-1.rasi
 create mode 100644 rofi/.config/rofi/powermenu/type-5/style-2.rasi
 create mode 100644 rofi/.config/rofi/powermenu/type-5/style-3.rasi
 create mode 100644 rofi/.config/rofi/powermenu/type-5/style-4.rasi
 create mode 100644 rofi/.config/rofi/powermenu/type-5/style-5.rasi
 create mode 100755 rofi/.config/rofi/powermenu/type-6/powermenu.sh
 create mode 100644 rofi/.config/rofi/powermenu/type-6/style-1.rasi
 create mode 100644 rofi/.config/rofi/powermenu/type-6/style-2.rasi
 create mode 100644 rofi/.config/rofi/powermenu/type-6/style-3.rasi
 create mode 100644 rofi/.config/rofi/powermenu/type-6/style-4.rasi
 create mode 100644 rofi/.config/rofi/powermenu/type-6/style-5.rasi
 create mode 120000 rofi/.config/rofi/scripts/launcher_t1
 create mode 120000 rofi/.config/rofi/scripts/launcher_t2
 create mode 120000 rofi/.config/rofi/scripts/launcher_t3
 create mode 120000 rofi/.config/rofi/scripts/launcher_t4
 create mode 120000 rofi/.config/rofi/scripts/launcher_t5
 create mode 120000 rofi/.config/rofi/scripts/launcher_t6
 create mode 120000 rofi/.config/rofi/scripts/launcher_t7
 create mode 120000 rofi/.config/rofi/scripts/powermenu_t1
 create mode 120000 rofi/.config/rofi/scripts/powermenu_t2
 create mode 120000 rofi/.config/rofi/scripts/powermenu_t3
 create mode 120000 rofi/.config/rofi/scripts/powermenu_t4
 create mode 120000 rofi/.config/rofi/scripts/powermenu_t5
 create mode 120000 rofi/.config/rofi/scripts/powermenu_t6
Haciendo push...
branch 'main' set up to track 'origin/main'.
[2025-05-30 16:52:15] ✅ Push exitoso
========== 2025-06-01 22:17:02 ==========
Mensaje de commit (dejar vacío para 'Auto-commit'): Haciendo commit...
[main c367078] Auto-commit: 2025-06-01 22:17:02
 3 files changed, 225 insertions(+), 2 deletions(-)
Haciendo push...
branch 'main' set up to track 'origin/main'.
[2025-06-01 22:17:02] ✅ Push exitoso
========== 2025-06-02 11:08:09 ==========
